<?xml version="1.0" encoding="UTF-8"?>
<testsuite name="com.company.file.service.FileDownloaderServiceTest" tests="8" skipped="0" failures="0" errors="0" timestamp="2024-04-28T21:38:08" hostname="LAPID00499" time="40.904">
  <properties/>
  <testcase name="testGenerateOutputPath_DifferentResource_DifferentOutputPath()" classname="com.company.file.service.FileDownloaderServiceTest" time="0.682"/>
  <testcase name="testGenerateOutputPath_SameResource_SameOutputPath()" classname="com.company.file.service.FileDownloaderServiceTest" time="0.007"/>
  <testcase name="testDownloadBulk_HaveFailedDownload()" classname="com.company.file.service.FileDownloaderServiceTest" time="20.079"/>
  <testcase name="testDownloadBulk_AllUriInvalid()" classname="com.company.file.service.FileDownloaderServiceTest" time="0.009"/>
  <testcase name="testDownloadBulk_AllSuccess()" classname="com.company.file.service.FileDownloaderServiceTest" time="10.025"/>
  <testcase name="testDownloadBulk_AllSuccess_HaveSameResources()" classname="com.company.file.service.FileDownloaderServiceTest" time="10.029"/>
  <testcase name="testDownloadWithRetry_CheckRetryMechanismWorks()" classname="com.company.file.service.FileDownloaderServiceTest" time="0.047"/>
  <testcase name="testDownloadBulk_PartialUriInvalid()" classname="com.company.file.service.FileDownloaderServiceTest" time="0.004"/>
  <system-out><![CDATA[sftp://test.rebex.net:22/pub/example/readme.txt
https://github.com/foster0400/rekognition-for-attendance-demo/blob/master/doc/attendance.png
http://github.com/foster0400/rekognition-for-attendance-demo/blob/master/doc/attendance.xml
https://github.com/foster0400/rekognition-for-attendance-demo/blob/master/doc/RANDOM.png
ftp://ftp.gnu.org/README
outputPath : downloads/01b319db5db9282d54f4e3232d530c34bba24a2461778d738ada7d110cdf66ca-attendance.png
outputPath : downloads/cf2b0d881b65b91b2670aaa6e4b5c94ec081178f24244fcf4918fea60057ccf5-attendance.xml
outputPath : downloads/254f5a0e828904a631e515fdec5f09bf5558d21736f8876d591a9fad2d5cec62-README
outputPath : downloads/a0ed071e4b86edf7173db6498dfb1c5a7854ace4d9b1d4e916402e84a0a658f7-readme.txt
exception
null
exception
null
htt://speedtest.tele2.net/1MB.zip
sft://demo:@test.rebex.net/pub/example/Example.csv
ftp.gnu.org/README
ftp://ftp.gnu.org/README
sftp://test.rebex.net:22/pub/example/readme.txt
http://github.com/foster0400/rekognition-for-attendance-demo/blob/master/doc/attendance.xml
https://github.com/foster0400/rekognition-for-attendance-demo/blob/master/doc/attendance.png
outputPath : downloads/01b319db5db9282d54f4e3232d530c34bba24a2461778d738ada7d110cdf66ca-attendance.png
outputPath : downloads/cf2b0d881b65b91b2670aaa6e4b5c94ec081178f24244fcf4918fea60057ccf5-attendance.xml
outputPath : downloads/254f5a0e828904a631e515fdec5f09bf5558d21736f8876d591a9fad2d5cec62-README
outputPath : downloads/a0ed071e4b86edf7173db6498dfb1c5a7854ace4d9b1d4e916402e84a0a658f7-readme.txt
sftp://test.rebex.net:22/pub/example/readme.txt
https://github.com/foster0400/rekognition-for-attendance-demo/blob/master/doc/attendance.png
http://github.com/foster0400/rekognition-for-attendance-demo/blob/master/doc/attendance.xml
sftp://demo:test123@test.rebex.net:22/pub/example/readme.txt
ftp://ftp.gnu.org/README
outputPath : downloads/01b319db5db9282d54f4e3232d530c34bba24a2461778d738ada7d110cdf66ca-attendance.png
outputPath : downloads/254f5a0e828904a631e515fdec5f09bf5558d21736f8876d591a9fad2d5cec62-README
outputPath : downloads/cf2b0d881b65b91b2670aaa6e4b5c94ec081178f24244fcf4918fea60057ccf5-attendance.xml
outputPath : downloads/a0ed071e4b86edf7173db6498dfb1c5a7854ace4d9b1d4e916402e84a0a658f7-readme.txt
outputPath : downloads/a0ed071e4b86edf7173db6498dfb1c5a7854ace4d9b1d4e916402e84a0a658f7-readme.txt
exception
null
exception
null
htt://speedtest.tele2.net/1MB.zip
sft://demo:@test.rebex.net/pub/example/Example.csv
ftp.gnu.org/README
]]></system-out>
  <system-err><![CDATA[[Test worker] INFO com.company.file.service.FileDownloaderService - method downloadList start with identifier : 1714340289258downloadLocation, total uri : 5, uriStringSet : [sftp://test.rebex.net:22/pub/example/readme.txt, https://github.com/foster0400/rekognition-for-attendance-demo/blob/master/doc/attendance.png, http://github.com/foster0400/rekognition-for-attendance-demo/blob/master/doc/attendance.xml, https://github.com/foster0400/rekognition-for-attendance-demo/blob/master/doc/RANDOM.png, ftp://ftp.gnu.org/README], numberOfRetry : 2, downloadPath : downloads
[Test worker] INFO com.company.file.service.FileDownloaderService - method downloadList check validation result with identifier : 1714340289258downloadLocation, total validUri : 5, uriPreValidationResult : URIPreValidationResult(uriValidSet=[sftp://test.rebex.net:22/pub/example/readme.txt, ftp://ftp.gnu.org/README, https://github.com/foster0400/rekognition-for-attendance-demo/blob/master/doc/attendance.png, http://github.com/foster0400/rekognition-for-attendance-demo/blob/master/doc/attendance.xml, https://github.com/foster0400/rekognition-for-attendance-demo/blob/master/doc/RANDOM.png], invalidSyntaxURISet=[], invalidProtocolURISet=[])
[pool-3-thread-2] INFO com.company.file.service.FileDownloaderService - method downloadWithRetry start with identifier : 1714340289258downloadLocation, outputPath : downloads/01b319db5db9282d54f4e3232d530c34bba24a2461778d738ada7d110cdf66ca-attendance.png, uri : https://github.com/foster0400/rekognition-for-attendance-demo/blob/master/doc/attendance.png, attempt : 1/2
[pool-3-thread-3] INFO com.company.file.service.FileDownloaderService - method downloadWithRetry start with identifier : 1714340289258downloadLocation, outputPath : downloads/254f5a0e828904a631e515fdec5f09bf5558d21736f8876d591a9fad2d5cec62-README, uri : ftp://ftp.gnu.org/README, attempt : 1/2
[pool-3-thread-1] INFO com.company.file.service.FileDownloaderService - method downloadWithRetry start with identifier : 1714340289258downloadLocation, outputPath : downloads/a0ed071e4b86edf7173db6498dfb1c5a7854ace4d9b1d4e916402e84a0a658f7-readme.txt, uri : sftp://test.rebex.net:22/pub/example/readme.txt, attempt : 1/2
[pool-3-thread-2] INFO com.company.file.service.FileDownloaderService - method downloadWithRetry download success for identifier : 1714340289258downloadLocation, outputhPath : downloads/01b319db5db9282d54f4e3232d530c34bba24a2461778d738ada7d110cdf66ca-attendance.png, uri : https://github.com/foster0400/rekognition-for-attendance-demo/blob/master/doc/attendance.png, attempt : 1/2
[pool-3-thread-2] INFO com.company.file.service.FileDownloaderService - method downloadWithRetry start with identifier : 1714340289258downloadLocation, outputPath : downloads/cf2b0d881b65b91b2670aaa6e4b5c94ec081178f24244fcf4918fea60057ccf5-attendance.xml, uri : http://github.com/foster0400/rekognition-for-attendance-demo/blob/master/doc/attendance.xml, attempt : 1/2
[pool-3-thread-2] INFO com.company.file.service.FileDownloaderService - method downloadWithRetry download success for identifier : 1714340289258downloadLocation, outputhPath : downloads/cf2b0d881b65b91b2670aaa6e4b5c94ec081178f24244fcf4918fea60057ccf5-attendance.xml, uri : http://github.com/foster0400/rekognition-for-attendance-demo/blob/master/doc/attendance.xml, attempt : 1/2
[pool-3-thread-2] INFO com.company.file.service.FileDownloaderService - method downloadWithRetry start with identifier : 1714340289258downloadLocation, outputPath : downloads/01b319db5db9282d54f4e3232d530c34bba24a2461778d738ada7d110cdf66ca-RANDOM.png, uri : https://github.com/foster0400/rekognition-for-attendance-demo/blob/master/doc/RANDOM.png, attempt : 1/2
[pool-3-thread-2] ERROR com.company.file.service.FileDownloaderService - method downloadWithRetry download error for identifier : 1714340289258downloadLocation, outputPath : downloads/01b319db5db9282d54f4e3232d530c34bba24a2461778d738ada7d110cdf66ca-RANDOM.png, uri : https://github.com/foster0400/rekognition-for-attendance-demo/blob/master/doc/RANDOM.png, attempt : 1/2
java.io.FileNotFoundException: https://github.com/foster0400/rekognition-for-attendance-demo/blob/master/doc/RANDOM.png
	at java.base/sun.net.www.protocol.http.HttpURLConnection.getInputStream0(HttpURLConnection.java:1920)
	at java.base/sun.net.www.protocol.http.HttpURLConnection.getInputStream(HttpURLConnection.java:1520)
	at java.base/sun.net.www.protocol.https.HttpsURLConnectionImpl.getInputStream(HttpsURLConnectionImpl.java:250)
	at com.company.file.downloader.impl.HttpFileDownloader.download(HttpFileDownloader.java:21)
	at com.company.file.service.FileDownloaderService.downloadWithRetry(FileDownloaderService.java:122)
	at com.company.file.service.FileDownloaderService$MockitoMock$204688963.downloadWithRetry$accessor$RRFKsVfD(Unknown Source)
	at com.company.file.service.FileDownloaderService$MockitoMock$204688963$auxiliary$NEy7FTa4.call(Unknown Source)
	at org.mockito.internal.invocation.RealMethod$FromCallable$1.call(RealMethod.java:40)
	at org.mockito.internal.invocation.RealMethod$FromBehavior.invoke(RealMethod.java:62)
	at org.mockito.internal.invocation.InterceptedInvocation.callRealMethod(InterceptedInvocation.java:142)
	at org.mockito.internal.stubbing.answers.CallsRealMethods.answer(CallsRealMethods.java:45)
	at org.mockito.Answers.answer(Answers.java:99)
	at org.mockito.internal.handler.MockHandlerImpl.handle(MockHandlerImpl.java:110)
	at org.mockito.internal.handler.NullResultGuardian.handle(NullResultGuardian.java:29)
	at org.mockito.internal.handler.InvocationNotifierHandler.handle(InvocationNotifierHandler.java:34)
	at org.mockito.internal.creation.bytebuddy.MockMethodInterceptor.doIntercept(MockMethodInterceptor.java:82)
	at org.mockito.internal.creation.bytebuddy.MockMethodInterceptor.doIntercept(MockMethodInterceptor.java:56)
	at org.mockito.internal.creation.bytebuddy.MockMethodInterceptor$DispatcherDefaultingToRealMethod.interceptSuperCallable(MockMethodInterceptor.java:145)
	at com.company.file.service.FileDownloaderService$MockitoMock$204688963.downloadWithRetry(Unknown Source)
	at com.company.file.service.FileDownloaderService.lambda$downloadBulk$0(FileDownloaderService.java:80)
	at java.base/java.util.concurrent.Executors$RunnableAdapter.call(Executors.java:515)
	at java.base/java.util.concurrent.FutureTask.run(FutureTask.java:264)
	at java.base/java.util.concurrent.ScheduledThreadPoolExecutor$ScheduledFutureTask.run(ScheduledThreadPoolExecutor.java:304)
	at java.base/java.util.concurrent.ThreadPoolExecutor.runWorker(ThreadPoolExecutor.java:1128)
	at java.base/java.util.concurrent.ThreadPoolExecutor$Worker.run(ThreadPoolExecutor.java:628)
	at java.base/java.lang.Thread.run(Thread.java:829)
[pool-3-thread-2] INFO com.company.file.service.FileDownloaderService - method downloadWithRetry start with identifier : 1714340289258downloadLocation, outputPath : downloads/01b319db5db9282d54f4e3232d530c34bba24a2461778d738ada7d110cdf66ca-RANDOM.png, uri : https://github.com/foster0400/rekognition-for-attendance-demo/blob/master/doc/RANDOM.png, attempt : 2/2
[pool-3-thread-2] ERROR com.company.file.service.FileDownloaderService - method downloadWithRetry download error for identifier : 1714340289258downloadLocation, outputPath : downloads/01b319db5db9282d54f4e3232d530c34bba24a2461778d738ada7d110cdf66ca-RANDOM.png, uri : https://github.com/foster0400/rekognition-for-attendance-demo/blob/master/doc/RANDOM.png, attempt : 2/2
java.io.FileNotFoundException: https://github.com/foster0400/rekognition-for-attendance-demo/blob/master/doc/RANDOM.png
	at java.base/sun.net.www.protocol.http.HttpURLConnection.getInputStream0(HttpURLConnection.java:1920)
	at java.base/sun.net.www.protocol.http.HttpURLConnection.getInputStream(HttpURLConnection.java:1520)
	at java.base/sun.net.www.protocol.https.HttpsURLConnectionImpl.getInputStream(HttpsURLConnectionImpl.java:250)
	at com.company.file.downloader.impl.HttpFileDownloader.download(HttpFileDownloader.java:21)
	at com.company.file.service.FileDownloaderService.downloadWithRetry(FileDownloaderService.java:122)
	at com.company.file.service.FileDownloaderService$MockitoMock$204688963.downloadWithRetry$accessor$RRFKsVfD(Unknown Source)
	at com.company.file.service.FileDownloaderService$MockitoMock$204688963$auxiliary$NEy7FTa4.call(Unknown Source)
	at org.mockito.internal.invocation.RealMethod$FromCallable$1.call(RealMethod.java:40)
	at org.mockito.internal.invocation.RealMethod$FromBehavior.invoke(RealMethod.java:62)
	at org.mockito.internal.invocation.InterceptedInvocation.callRealMethod(InterceptedInvocation.java:142)
	at org.mockito.internal.stubbing.answers.CallsRealMethods.answer(CallsRealMethods.java:45)
	at org.mockito.Answers.answer(Answers.java:99)
	at org.mockito.internal.handler.MockHandlerImpl.handle(MockHandlerImpl.java:110)
	at org.mockito.internal.handler.NullResultGuardian.handle(NullResultGuardian.java:29)
	at org.mockito.internal.handler.InvocationNotifierHandler.handle(InvocationNotifierHandler.java:34)
	at org.mockito.internal.creation.bytebuddy.MockMethodInterceptor.doIntercept(MockMethodInterceptor.java:82)
	at org.mockito.internal.creation.bytebuddy.MockMethodInterceptor.doIntercept(MockMethodInterceptor.java:56)
	at org.mockito.internal.creation.bytebuddy.MockMethodInterceptor$DispatcherDefaultingToRealMethod.interceptSuperCallable(MockMethodInterceptor.java:145)
	at com.company.file.service.FileDownloaderService$MockitoMock$204688963.downloadWithRetry(Unknown Source)
	at com.company.file.service.FileDownloaderService.downloadWithRetry(FileDownloaderService.java:129)
	at com.company.file.service.FileDownloaderService$MockitoMock$204688963.downloadWithRetry$accessor$RRFKsVfD(Unknown Source)
	at com.company.file.service.FileDownloaderService$MockitoMock$204688963$auxiliary$NEy7FTa4.call(Unknown Source)
	at org.mockito.internal.invocation.RealMethod$FromCallable$1.call(RealMethod.java:40)
	at org.mockito.internal.invocation.RealMethod$FromBehavior.invoke(RealMethod.java:62)
	at org.mockito.internal.invocation.InterceptedInvocation.callRealMethod(InterceptedInvocation.java:142)
	at org.mockito.internal.stubbing.answers.CallsRealMethods.answer(CallsRealMethods.java:45)
	at org.mockito.Answers.answer(Answers.java:99)
	at org.mockito.internal.handler.MockHandlerImpl.handle(MockHandlerImpl.java:110)
	at org.mockito.internal.handler.NullResultGuardian.handle(NullResultGuardian.java:29)
	at org.mockito.internal.handler.InvocationNotifierHandler.handle(InvocationNotifierHandler.java:34)
	at org.mockito.internal.creation.bytebuddy.MockMethodInterceptor.doIntercept(MockMethodInterceptor.java:82)
	at org.mockito.internal.creation.bytebuddy.MockMethodInterceptor.doIntercept(MockMethodInterceptor.java:56)
	at org.mockito.internal.creation.bytebuddy.MockMethodInterceptor$DispatcherDefaultingToRealMethod.interceptSuperCallable(MockMethodInterceptor.java:145)
	at com.company.file.service.FileDownloaderService$MockitoMock$204688963.downloadWithRetry(Unknown Source)
	at com.company.file.service.FileDownloaderService.lambda$downloadBulk$0(FileDownloaderService.java:80)
	at java.base/java.util.concurrent.Executors$RunnableAdapter.call(Executors.java:515)
	at java.base/java.util.concurrent.FutureTask.run(FutureTask.java:264)
	at java.base/java.util.concurrent.ScheduledThreadPoolExecutor$ScheduledFutureTask.run(ScheduledThreadPoolExecutor.java:304)
	at java.base/java.util.concurrent.ThreadPoolExecutor.runWorker(ThreadPoolExecutor.java:1128)
	at java.base/java.util.concurrent.ThreadPoolExecutor$Worker.run(ThreadPoolExecutor.java:628)
	at java.base/java.lang.Thread.run(Thread.java:829)
[pool-3-thread-3] INFO com.company.file.service.FileDownloaderService - method downloadWithRetry download success for identifier : 1714340289258downloadLocation, outputhPath : downloads/254f5a0e828904a631e515fdec5f09bf5558d21736f8876d591a9fad2d5cec62-README, uri : ftp://ftp.gnu.org/README, attempt : 1/2
[pool-3-thread-1] INFO com.company.file.service.FileDownloaderService - method downloadWithRetry download success for identifier : 1714340289258downloadLocation, outputhPath : downloads/a0ed071e4b86edf7173db6498dfb1c5a7854ace4d9b1d4e916402e84a0a658f7-readme.txt, uri : sftp://test.rebex.net:22/pub/example/readme.txt, attempt : 1/2
[Test worker] INFO com.company.file.service.FileDownloaderService - method downloadList start with identifier : 1714340309341downloadLocation, total uri : 5, uriStringSet : [sftp://demo:test.rebex.net/pu{}b/example/sample.pdf/invalid, https://programming/ 24hrs. txt?param=1???, htt://speedtest.tele2.net/1MB.zip, sft://demo:@test.rebex.net/pub/example/Example.csv, ftp.gnu.org/README], numberOfRetry : 1, downloadPath : downloads
[Test worker] INFO com.company.file.service.FileDownloaderService - method downloadList check validation result with identifier : 1714340309341downloadLocation, total validUri : 0, uriPreValidationResult : URIPreValidationResult(uriValidSet=[], invalidSyntaxURISet=[https://programming/ 24hrs. txt?param=1???, sftp://demo:test.rebex.net/pu{}b/example/sample.pdf/invalid], invalidProtocolURISet=[ftp.gnu.org/README, sft://demo:@test.rebex.net/pub/example/Example.csv, htt://speedtest.tele2.net/1MB.zip])
[Test worker] INFO com.company.file.service.FileDownloaderService - method downloadList start with identifier : 1714340309349downloadLocation, total uri : 4, uriStringSet : [ftp://ftp.gnu.org/README, sftp://test.rebex.net:22/pub/example/readme.txt, http://github.com/foster0400/rekognition-for-attendance-demo/blob/master/doc/attendance.xml, https://github.com/foster0400/rekognition-for-attendance-demo/blob/master/doc/attendance.png], numberOfRetry : 1, downloadPath : downloads
[Test worker] INFO com.company.file.service.FileDownloaderService - method downloadList check validation result with identifier : 1714340309349downloadLocation, total validUri : 4, uriPreValidationResult : URIPreValidationResult(uriValidSet=[sftp://test.rebex.net:22/pub/example/readme.txt, ftp://ftp.gnu.org/README, https://github.com/foster0400/rekognition-for-attendance-demo/blob/master/doc/attendance.png, http://github.com/foster0400/rekognition-for-attendance-demo/blob/master/doc/attendance.xml], invalidSyntaxURISet=[], invalidProtocolURISet=[])
[pool-5-thread-2] INFO com.company.file.service.FileDownloaderService - method downloadWithRetry start with identifier : 1714340309349downloadLocation, outputPath : downloads/254f5a0e828904a631e515fdec5f09bf5558d21736f8876d591a9fad2d5cec62-README, uri : ftp://ftp.gnu.org/README, attempt : 1/1
[pool-5-thread-3] INFO com.company.file.service.FileDownloaderService - method downloadWithRetry start with identifier : 1714340309349downloadLocation, outputPath : downloads/01b319db5db9282d54f4e3232d530c34bba24a2461778d738ada7d110cdf66ca-attendance.png, uri : https://github.com/foster0400/rekognition-for-attendance-demo/blob/master/doc/attendance.png, attempt : 1/1
[pool-5-thread-1] INFO com.company.file.service.FileDownloaderService - method downloadWithRetry start with identifier : 1714340309349downloadLocation, outputPath : downloads/a0ed071e4b86edf7173db6498dfb1c5a7854ace4d9b1d4e916402e84a0a658f7-readme.txt, uri : sftp://test.rebex.net:22/pub/example/readme.txt, attempt : 1/1
[pool-5-thread-3] INFO com.company.file.service.FileDownloaderService - method downloadWithRetry download success for identifier : 1714340309349downloadLocation, outputhPath : downloads/01b319db5db9282d54f4e3232d530c34bba24a2461778d738ada7d110cdf66ca-attendance.png, uri : https://github.com/foster0400/rekognition-for-attendance-demo/blob/master/doc/attendance.png, attempt : 1/1
[pool-5-thread-3] INFO com.company.file.service.FileDownloaderService - method downloadWithRetry start with identifier : 1714340309349downloadLocation, outputPath : downloads/cf2b0d881b65b91b2670aaa6e4b5c94ec081178f24244fcf4918fea60057ccf5-attendance.xml, uri : http://github.com/foster0400/rekognition-for-attendance-demo/blob/master/doc/attendance.xml, attempt : 1/1
[pool-5-thread-3] INFO com.company.file.service.FileDownloaderService - method downloadWithRetry download success for identifier : 1714340309349downloadLocation, outputhPath : downloads/cf2b0d881b65b91b2670aaa6e4b5c94ec081178f24244fcf4918fea60057ccf5-attendance.xml, uri : http://github.com/foster0400/rekognition-for-attendance-demo/blob/master/doc/attendance.xml, attempt : 1/1
[pool-5-thread-2] INFO com.company.file.service.FileDownloaderService - method downloadWithRetry download success for identifier : 1714340309349downloadLocation, outputhPath : downloads/254f5a0e828904a631e515fdec5f09bf5558d21736f8876d591a9fad2d5cec62-README, uri : ftp://ftp.gnu.org/README, attempt : 1/1
[pool-5-thread-1] INFO com.company.file.service.FileDownloaderService - method downloadWithRetry download success for identifier : 1714340309349downloadLocation, outputhPath : downloads/a0ed071e4b86edf7173db6498dfb1c5a7854ace4d9b1d4e916402e84a0a658f7-readme.txt, uri : sftp://test.rebex.net:22/pub/example/readme.txt, attempt : 1/1
[Test worker] INFO com.company.file.service.FileDownloaderService - method downloadList start with identifier : 1714340319382downloadLocation, total uri : 5, uriStringSet : [sftp://test.rebex.net:22/pub/example/readme.txt, https://github.com/foster0400/rekognition-for-attendance-demo/blob/master/doc/attendance.png, http://github.com/foster0400/rekognition-for-attendance-demo/blob/master/doc/attendance.xml, sftp://demo:test123@test.rebex.net:22/pub/example/readme.txt, ftp://ftp.gnu.org/README], numberOfRetry : 1, downloadPath : downloads
[Test worker] INFO com.company.file.service.FileDownloaderService - method downloadList check validation result with identifier : 1714340319382downloadLocation, total validUri : 5, uriPreValidationResult : URIPreValidationResult(uriValidSet=[sftp://test.rebex.net:22/pub/example/readme.txt, ftp://ftp.gnu.org/README, https://github.com/foster0400/rekognition-for-attendance-demo/blob/master/doc/attendance.png, sftp://demo:test123@test.rebex.net:22/pub/example/readme.txt, http://github.com/foster0400/rekognition-for-attendance-demo/blob/master/doc/attendance.xml], invalidSyntaxURISet=[], invalidProtocolURISet=[])
[pool-6-thread-2] INFO com.company.file.service.FileDownloaderService - method downloadWithRetry start with identifier : 1714340319382downloadLocation, outputPath : downloads/254f5a0e828904a631e515fdec5f09bf5558d21736f8876d591a9fad2d5cec62-README, uri : ftp://ftp.gnu.org/README, attempt : 1/1
[pool-6-thread-1] INFO com.company.file.service.FileDownloaderService - method downloadWithRetry start with identifier : 1714340319382downloadLocation, outputPath : downloads/a0ed071e4b86edf7173db6498dfb1c5a7854ace4d9b1d4e916402e84a0a658f7-readme.txt, uri : sftp://test.rebex.net:22/pub/example/readme.txt, attempt : 1/1
[pool-6-thread-3] INFO com.company.file.service.FileDownloaderService - method downloadWithRetry start with identifier : 1714340319382downloadLocation, outputPath : downloads/01b319db5db9282d54f4e3232d530c34bba24a2461778d738ada7d110cdf66ca-attendance.png, uri : https://github.com/foster0400/rekognition-for-attendance-demo/blob/master/doc/attendance.png, attempt : 1/1
[pool-6-thread-3] INFO com.company.file.service.FileDownloaderService - method downloadWithRetry download success for identifier : 1714340319382downloadLocation, outputhPath : downloads/01b319db5db9282d54f4e3232d530c34bba24a2461778d738ada7d110cdf66ca-attendance.png, uri : https://github.com/foster0400/rekognition-for-attendance-demo/blob/master/doc/attendance.png, attempt : 1/1
[pool-6-thread-3] INFO com.company.file.service.FileDownloaderService - method downloadWithRetry start with identifier : 1714340319382downloadLocation, outputPath : downloads/a0ed071e4b86edf7173db6498dfb1c5a7854ace4d9b1d4e916402e84a0a658f7-readme.txt, uri : sftp://demo:test123@test.rebex.net:22/pub/example/readme.txt, attempt : 1/1
[pool-6-thread-2] INFO com.company.file.service.FileDownloaderService - method downloadWithRetry download success for identifier : 1714340319382downloadLocation, outputhPath : downloads/254f5a0e828904a631e515fdec5f09bf5558d21736f8876d591a9fad2d5cec62-README, uri : ftp://ftp.gnu.org/README, attempt : 1/1
[pool-6-thread-2] INFO com.company.file.service.FileDownloaderService - method downloadWithRetry start with identifier : 1714340319382downloadLocation, outputPath : downloads/cf2b0d881b65b91b2670aaa6e4b5c94ec081178f24244fcf4918fea60057ccf5-attendance.xml, uri : http://github.com/foster0400/rekognition-for-attendance-demo/blob/master/doc/attendance.xml, attempt : 1/1
[pool-6-thread-2] INFO com.company.file.service.FileDownloaderService - method downloadWithRetry download success for identifier : 1714340319382downloadLocation, outputhPath : downloads/cf2b0d881b65b91b2670aaa6e4b5c94ec081178f24244fcf4918fea60057ccf5-attendance.xml, uri : http://github.com/foster0400/rekognition-for-attendance-demo/blob/master/doc/attendance.xml, attempt : 1/1
[pool-6-thread-3] INFO com.company.file.service.FileDownloaderService - method downloadWithRetry download success for identifier : 1714340319382downloadLocation, outputhPath : downloads/a0ed071e4b86edf7173db6498dfb1c5a7854ace4d9b1d4e916402e84a0a658f7-readme.txt, uri : sftp://demo:test123@test.rebex.net:22/pub/example/readme.txt, attempt : 1/1
[pool-6-thread-1] INFO com.company.file.service.FileDownloaderService - method downloadWithRetry download success for identifier : 1714340319382downloadLocation, outputhPath : downloads/a0ed071e4b86edf7173db6498dfb1c5a7854ace4d9b1d4e916402e84a0a658f7-readme.txt, uri : sftp://test.rebex.net:22/pub/example/readme.txt, attempt : 1/1
[Test worker] INFO com.company.file.service.FileDownloaderService - method downloadWithRetry start with identifier : id, outputPath : downloads/example.txt, uri : https://example/example.txt, attempt : 1/2
[Test worker] ERROR com.company.file.service.FileDownloaderService - method downloadWithRetry download error for identifier : id, outputPath : downloads/example.txt, uri : https://example/example.txt, attempt : 1/2
java.net.UnknownHostException: example
	at java.base/java.net.AbstractPlainSocketImpl.connect(AbstractPlainSocketImpl.java:229)
	at java.base/java.net.SocksSocketImpl.connect(SocksSocketImpl.java:392)
	at java.base/java.net.Socket.connect(Socket.java:609)
	at java.base/sun.security.ssl.SSLSocketImpl.connect(SSLSocketImpl.java:300)
	at java.base/sun.net.NetworkClient.doConnect(NetworkClient.java:177)
	at java.base/sun.net.www.http.HttpClient.openServer(HttpClient.java:474)
	at java.base/sun.net.www.http.HttpClient.openServer(HttpClient.java:569)
	at java.base/sun.net.www.protocol.https.HttpsClient.<init>(HttpsClient.java:266)
	at java.base/sun.net.www.protocol.https.HttpsClient.New(HttpsClient.java:373)
	at java.base/sun.net.www.protocol.https.AbstractDelegateHttpsURLConnection.getNewHttpClient(AbstractDelegateHttpsURLConnection.java:203)
	at java.base/sun.net.www.protocol.http.HttpURLConnection.plainConnect0(HttpURLConnection.java:1187)
	at java.base/sun.net.www.protocol.http.HttpURLConnection.plainConnect(HttpURLConnection.java:1081)
	at java.base/sun.net.www.protocol.https.AbstractDelegateHttpsURLConnection.connect(AbstractDelegateHttpsURLConnection.java:189)
	at java.base/sun.net.www.protocol.http.HttpURLConnection.getInputStream0(HttpURLConnection.java:1592)
	at java.base/sun.net.www.protocol.http.HttpURLConnection.getInputStream(HttpURLConnection.java:1520)
	at java.base/sun.net.www.protocol.https.HttpsURLConnectionImpl.getInputStream(HttpsURLConnectionImpl.java:250)
	at com.company.file.downloader.impl.HttpFileDownloader.download(HttpFileDownloader.java:21)
	at com.company.file.service.FileDownloaderService.downloadWithRetry(FileDownloaderService.java:122)
	at com.company.file.service.FileDownloaderService$MockitoMock$204688963.downloadWithRetry$accessor$RRFKsVfD(Unknown Source)
	at com.company.file.service.FileDownloaderService$MockitoMock$204688963$auxiliary$NEy7FTa4.call(Unknown Source)
	at org.mockito.internal.invocation.RealMethod$FromCallable$1.call(RealMethod.java:40)
	at org.mockito.internal.invocation.RealMethod$FromBehavior.invoke(RealMethod.java:62)
	at org.mockito.internal.invocation.InterceptedInvocation.callRealMethod(InterceptedInvocation.java:142)
	at org.mockito.internal.stubbing.answers.CallsRealMethods.answer(CallsRealMethods.java:45)
	at org.mockito.Answers.answer(Answers.java:99)
	at org.mockito.internal.handler.MockHandlerImpl.handle(MockHandlerImpl.java:110)
	at org.mockito.internal.handler.NullResultGuardian.handle(NullResultGuardian.java:29)
	at org.mockito.internal.handler.InvocationNotifierHandler.handle(InvocationNotifierHandler.java:34)
	at org.mockito.internal.creation.bytebuddy.MockMethodInterceptor.doIntercept(MockMethodInterceptor.java:82)
	at org.mockito.internal.creation.bytebuddy.MockMethodInterceptor.doIntercept(MockMethodInterceptor.java:56)
	at org.mockito.internal.creation.bytebuddy.MockMethodInterceptor$DispatcherDefaultingToRealMethod.interceptSuperCallable(MockMethodInterceptor.java:145)
	at com.company.file.service.FileDownloaderService$MockitoMock$204688963.downloadWithRetry(Unknown Source)
	at com.company.file.service.FileDownloaderServiceTest.testDownloadWithRetry_CheckRetryMechanismWorks(FileDownloaderServiceTest.java:196)
	at java.base/jdk.internal.reflect.NativeMethodAccessorImpl.invoke0(Native Method)
	at java.base/jdk.internal.reflect.NativeMethodAccessorImpl.invoke(NativeMethodAccessorImpl.java:62)
	at java.base/jdk.internal.reflect.DelegatingMethodAccessorImpl.invoke(DelegatingMethodAccessorImpl.java:43)
	at java.base/java.lang.reflect.Method.invoke(Method.java:566)
	at org.junit.platform.commons.util.ReflectionUtils.invokeMethod(ReflectionUtils.java:725)
	at org.junit.jupiter.engine.execution.MethodInvocation.proceed(MethodInvocation.java:60)
	at org.junit.jupiter.engine.execution.InvocationInterceptorChain$ValidatingInvocation.proceed(InvocationInterceptorChain.java:131)
	at org.junit.jupiter.engine.extension.TimeoutExtension.intercept(TimeoutExtension.java:149)
	at org.junit.jupiter.engine.extension.TimeoutExtension.interceptTestableMethod(TimeoutExtension.java:140)
	at org.junit.jupiter.engine.extension.TimeoutExtension.interceptTestMethod(TimeoutExtension.java:84)
	at org.junit.jupiter.engine.execution.ExecutableInvoker$ReflectiveInterceptorCall.lambda$ofVoidMethod$0(ExecutableInvoker.java:115)
	at org.junit.jupiter.engine.execution.ExecutableInvoker.lambda$invoke$0(ExecutableInvoker.java:105)
	at org.junit.jupiter.engine.execution.InvocationInterceptorChain$InterceptedInvocation.proceed(InvocationInterceptorChain.java:106)
	at org.junit.jupiter.engine.execution.InvocationInterceptorChain.proceed(InvocationInterceptorChain.java:64)
	at org.junit.jupiter.engine.execution.InvocationInterceptorChain.chainAndInvoke(InvocationInterceptorChain.java:45)
	at org.junit.jupiter.engine.execution.InvocationInterceptorChain.invoke(InvocationInterceptorChain.java:37)
	at org.junit.jupiter.engine.execution.ExecutableInvoker.invoke(ExecutableInvoker.java:104)
	at org.junit.jupiter.engine.execution.ExecutableInvoker.invoke(ExecutableInvoker.java:98)
	at org.junit.jupiter.engine.descriptor.TestMethodTestDescriptor.lambda$invokeTestMethod$7(TestMethodTestDescriptor.java:214)
	at org.junit.platform.engine.support.hierarchical.ThrowableCollector.execute(ThrowableCollector.java:73)
	at org.junit.jupiter.engine.descriptor.TestMethodTestDescriptor.invokeTestMethod(TestMethodTestDescriptor.java:210)
	at org.junit.jupiter.engine.descriptor.TestMethodTestDescriptor.execute(TestMethodTestDescriptor.java:135)
	at org.junit.jupiter.engine.descriptor.TestMethodTestDescriptor.execute(TestMethodTestDescriptor.java:66)
	at org.junit.platform.engine.support.hierarchical.NodeTestTask.lambda$executeRecursively$6(NodeTestTask.java:151)
	at org.junit.platform.engine.support.hierarchical.ThrowableCollector.execute(ThrowableCollector.java:73)
	at org.junit.platform.engine.support.hierarchical.NodeTestTask.lambda$executeRecursively$8(NodeTestTask.java:141)
	at org.junit.platform.engine.support.hierarchical.Node.around(Node.java:137)
	at org.junit.platform.engine.support.hierarchical.NodeTestTask.lambda$executeRecursively$9(NodeTestTask.java:139)
	at org.junit.platform.engine.support.hierarchical.ThrowableCollector.execute(ThrowableCollector.java:73)
	at org.junit.platform.engine.support.hierarchical.NodeTestTask.executeRecursively(NodeTestTask.java:138)
	at org.junit.platform.engine.support.hierarchical.NodeTestTask.execute(NodeTestTask.java:95)
	at java.base/java.util.ArrayList.forEach(ArrayList.java:1541)
	at org.junit.platform.engine.support.hierarchical.SameThreadHierarchicalTestExecutorService.invokeAll(SameThreadHierarchicalTestExecutorService.java:41)
	at org.junit.platform.engine.support.hierarchical.NodeTestTask.lambda$executeRecursively$6(NodeTestTask.java:155)
	at org.junit.platform.engine.support.hierarchical.ThrowableCollector.execute(ThrowableCollector.java:73)
	at org.junit.platform.engine.support.hierarchical.NodeTestTask.lambda$executeRecursively$8(NodeTestTask.java:141)
	at org.junit.platform.engine.support.hierarchical.Node.around(Node.java:137)
	at org.junit.platform.engine.support.hierarchical.NodeTestTask.lambda$executeRecursively$9(NodeTestTask.java:139)
	at org.junit.platform.engine.support.hierarchical.ThrowableCollector.execute(ThrowableCollector.java:73)
	at org.junit.platform.engine.support.hierarchical.NodeTestTask.executeRecursively(NodeTestTask.java:138)
	at org.junit.platform.engine.support.hierarchical.NodeTestTask.execute(NodeTestTask.java:95)
	at java.base/java.util.ArrayList.forEach(ArrayList.java:1541)
	at org.junit.platform.engine.support.hierarchical.SameThreadHierarchicalTestExecutorService.invokeAll(SameThreadHierarchicalTestExecutorService.java:41)
	at org.junit.platform.engine.support.hierarchical.NodeTestTask.lambda$executeRecursively$6(NodeTestTask.java:155)
	at org.junit.platform.engine.support.hierarchical.ThrowableCollector.execute(ThrowableCollector.java:73)
	at org.junit.platform.engine.support.hierarchical.NodeTestTask.lambda$executeRecursively$8(NodeTestTask.java:141)
	at org.junit.platform.engine.support.hierarchical.Node.around(Node.java:137)
	at org.junit.platform.engine.support.hierarchical.NodeTestTask.lambda$executeRecursively$9(NodeTestTask.java:139)
	at org.junit.platform.engine.support.hierarchical.ThrowableCollector.execute(ThrowableCollector.java:73)
	at org.junit.platform.engine.support.hierarchical.NodeTestTask.executeRecursively(NodeTestTask.java:138)
	at org.junit.platform.engine.support.hierarchical.NodeTestTask.execute(NodeTestTask.java:95)
	at org.junit.platform.engine.support.hierarchical.SameThreadHierarchicalTestExecutorService.submit(SameThreadHierarchicalTestExecutorService.java:35)
	at org.junit.platform.engine.support.hierarchical.HierarchicalTestExecutor.execute(HierarchicalTestExecutor.java:57)
	at org.junit.platform.engine.support.hierarchical.HierarchicalTestEngine.execute(HierarchicalTestEngine.java:54)
	at org.junit.platform.launcher.core.EngineExecutionOrchestrator.execute(EngineExecutionOrchestrator.java:108)
	at org.junit.platform.launcher.core.EngineExecutionOrchestrator.execute(EngineExecutionOrchestrator.java:88)
	at org.junit.platform.launcher.core.EngineExecutionOrchestrator.lambda$execute$0(EngineExecutionOrchestrator.java:54)
	at org.junit.platform.launcher.core.EngineExecutionOrchestrator.withInterceptedStreams(EngineExecutionOrchestrator.java:67)
	at org.junit.platform.launcher.core.EngineExecutionOrchestrator.execute(EngineExecutionOrchestrator.java:52)
	at org.junit.platform.launcher.core.DefaultLauncher.execute(DefaultLauncher.java:96)
	at org.junit.platform.launcher.core.DefaultLauncher.execute(DefaultLauncher.java:75)
	at org.gradle.api.internal.tasks.testing.junitplatform.JUnitPlatformTestClassProcessor$CollectAllTestClassesExecutor.processAllTestClasses(JUnitPlatformTestClassProcessor.java:99)
	at org.gradle.api.internal.tasks.testing.junitplatform.JUnitPlatformTestClassProcessor$CollectAllTestClassesExecutor.access$000(JUnitPlatformTestClassProcessor.java:79)
	at org.gradle.api.internal.tasks.testing.junitplatform.JUnitPlatformTestClassProcessor.stop(JUnitPlatformTestClassProcessor.java:75)
	at org.gradle.api.internal.tasks.testing.SuiteTestClassProcessor.stop(SuiteTestClassProcessor.java:61)
	at java.base/jdk.internal.reflect.NativeMethodAccessorImpl.invoke0(Native Method)
	at java.base/jdk.internal.reflect.NativeMethodAccessorImpl.invoke(NativeMethodAccessorImpl.java:62)
	at java.base/jdk.internal.reflect.DelegatingMethodAccessorImpl.invoke(DelegatingMethodAccessorImpl.java:43)
	at java.base/java.lang.reflect.Method.invoke(Method.java:566)
	at org.gradle.internal.dispatch.ReflectionDispatch.dispatch(ReflectionDispatch.java:36)
	at org.gradle.internal.dispatch.ReflectionDispatch.dispatch(ReflectionDispatch.java:24)
	at org.gradle.internal.dispatch.ContextClassLoaderDispatch.dispatch(ContextClassLoaderDispatch.java:33)
	at org.gradle.internal.dispatch.ProxyDispatchAdapter$DispatchingInvocationHandler.invoke(ProxyDispatchAdapter.java:94)
	at com.sun.proxy.$Proxy2.stop(Unknown Source)
	at org.gradle.api.internal.tasks.testing.worker.TestWorker.stop(TestWorker.java:135)
	at java.base/jdk.internal.reflect.NativeMethodAccessorImpl.invoke0(Native Method)
	at java.base/jdk.internal.reflect.NativeMethodAccessorImpl.invoke(NativeMethodAccessorImpl.java:62)
	at java.base/jdk.internal.reflect.DelegatingMethodAccessorImpl.invoke(DelegatingMethodAccessorImpl.java:43)
	at java.base/java.lang.reflect.Method.invoke(Method.java:566)
	at org.gradle.internal.dispatch.ReflectionDispatch.dispatch(ReflectionDispatch.java:36)
	at org.gradle.internal.dispatch.ReflectionDispatch.dispatch(ReflectionDispatch.java:24)
	at org.gradle.internal.remote.internal.hub.MessageHubBackedObjectConnection$DispatchWrapper.dispatch(MessageHubBackedObjectConnection.java:182)
	at org.gradle.internal.remote.internal.hub.MessageHubBackedObjectConnection$DispatchWrapper.dispatch(MessageHubBackedObjectConnection.java:164)
	at org.gradle.internal.remote.internal.hub.MessageHub$Handler.run(MessageHub.java:414)
	at org.gradle.internal.concurrent.ExecutorPolicy$CatchAndRecordFailures.onExecute(ExecutorPolicy.java:64)
	at org.gradle.internal.concurrent.ManagedExecutorImpl$1.run(ManagedExecutorImpl.java:48)
	at java.base/java.util.concurrent.ThreadPoolExecutor.runWorker(ThreadPoolExecutor.java:1128)
	at java.base/java.util.concurrent.ThreadPoolExecutor$Worker.run(ThreadPoolExecutor.java:628)
	at org.gradle.internal.concurrent.ThreadFactoryImpl$ManagedThreadRunnable.run(ThreadFactoryImpl.java:56)
	at java.base/java.lang.Thread.run(Thread.java:829)
[Test worker] INFO com.company.file.service.FileDownloaderService - method downloadWithRetry start with identifier : id, outputPath : downloads/example.txt, uri : https://example/example.txt, attempt : 2/2
[Test worker] ERROR com.company.file.service.FileDownloaderService - method downloadWithRetry download error for identifier : id, outputPath : downloads/example.txt, uri : https://example/example.txt, attempt : 2/2
java.net.UnknownHostException: example
	at java.base/java.net.AbstractPlainSocketImpl.connect(AbstractPlainSocketImpl.java:229)
	at java.base/java.net.SocksSocketImpl.connect(SocksSocketImpl.java:392)
	at java.base/java.net.Socket.connect(Socket.java:609)
	at java.base/sun.security.ssl.SSLSocketImpl.connect(SSLSocketImpl.java:300)
	at java.base/sun.net.NetworkClient.doConnect(NetworkClient.java:177)
	at java.base/sun.net.www.http.HttpClient.openServer(HttpClient.java:474)
	at java.base/sun.net.www.http.HttpClient.openServer(HttpClient.java:569)
	at java.base/sun.net.www.protocol.https.HttpsClient.<init>(HttpsClient.java:266)
	at java.base/sun.net.www.protocol.https.HttpsClient.New(HttpsClient.java:373)
	at java.base/sun.net.www.protocol.https.AbstractDelegateHttpsURLConnection.getNewHttpClient(AbstractDelegateHttpsURLConnection.java:203)
	at java.base/sun.net.www.protocol.http.HttpURLConnection.plainConnect0(HttpURLConnection.java:1187)
	at java.base/sun.net.www.protocol.http.HttpURLConnection.plainConnect(HttpURLConnection.java:1081)
	at java.base/sun.net.www.protocol.https.AbstractDelegateHttpsURLConnection.connect(AbstractDelegateHttpsURLConnection.java:189)
	at java.base/sun.net.www.protocol.http.HttpURLConnection.getInputStream0(HttpURLConnection.java:1592)
	at java.base/sun.net.www.protocol.http.HttpURLConnection.getInputStream(HttpURLConnection.java:1520)
	at java.base/sun.net.www.protocol.https.HttpsURLConnectionImpl.getInputStream(HttpsURLConnectionImpl.java:250)
	at com.company.file.downloader.impl.HttpFileDownloader.download(HttpFileDownloader.java:21)
	at com.company.file.service.FileDownloaderService.downloadWithRetry(FileDownloaderService.java:122)
	at com.company.file.service.FileDownloaderService$MockitoMock$204688963.downloadWithRetry$accessor$RRFKsVfD(Unknown Source)
	at com.company.file.service.FileDownloaderService$MockitoMock$204688963$auxiliary$NEy7FTa4.call(Unknown Source)
	at org.mockito.internal.invocation.RealMethod$FromCallable$1.call(RealMethod.java:40)
	at org.mockito.internal.invocation.RealMethod$FromBehavior.invoke(RealMethod.java:62)
	at org.mockito.internal.invocation.InterceptedInvocation.callRealMethod(InterceptedInvocation.java:142)
	at org.mockito.internal.stubbing.answers.CallsRealMethods.answer(CallsRealMethods.java:45)
	at org.mockito.Answers.answer(Answers.java:99)
	at org.mockito.internal.handler.MockHandlerImpl.handle(MockHandlerImpl.java:110)
	at org.mockito.internal.handler.NullResultGuardian.handle(NullResultGuardian.java:29)
	at org.mockito.internal.handler.InvocationNotifierHandler.handle(InvocationNotifierHandler.java:34)
	at org.mockito.internal.creation.bytebuddy.MockMethodInterceptor.doIntercept(MockMethodInterceptor.java:82)
	at org.mockito.internal.creation.bytebuddy.MockMethodInterceptor.doIntercept(MockMethodInterceptor.java:56)
	at org.mockito.internal.creation.bytebuddy.MockMethodInterceptor$DispatcherDefaultingToRealMethod.interceptSuperCallable(MockMethodInterceptor.java:145)
	at com.company.file.service.FileDownloaderService$MockitoMock$204688963.downloadWithRetry(Unknown Source)
	at com.company.file.service.FileDownloaderService.downloadWithRetry(FileDownloaderService.java:129)
	at com.company.file.service.FileDownloaderService$MockitoMock$204688963.downloadWithRetry$accessor$RRFKsVfD(Unknown Source)
	at com.company.file.service.FileDownloaderService$MockitoMock$204688963$auxiliary$NEy7FTa4.call(Unknown Source)
	at org.mockito.internal.invocation.RealMethod$FromCallable$1.call(RealMethod.java:40)
	at org.mockito.internal.invocation.RealMethod$FromBehavior.invoke(RealMethod.java:62)
	at org.mockito.internal.invocation.InterceptedInvocation.callRealMethod(InterceptedInvocation.java:142)
	at org.mockito.internal.stubbing.answers.CallsRealMethods.answer(CallsRealMethods.java:45)
	at org.mockito.Answers.answer(Answers.java:99)
	at org.mockito.internal.handler.MockHandlerImpl.handle(MockHandlerImpl.java:110)
	at org.mockito.internal.handler.NullResultGuardian.handle(NullResultGuardian.java:29)
	at org.mockito.internal.handler.InvocationNotifierHandler.handle(InvocationNotifierHandler.java:34)
	at org.mockito.internal.creation.bytebuddy.MockMethodInterceptor.doIntercept(MockMethodInterceptor.java:82)
	at org.mockito.internal.creation.bytebuddy.MockMethodInterceptor.doIntercept(MockMethodInterceptor.java:56)
	at org.mockito.internal.creation.bytebuddy.MockMethodInterceptor$DispatcherDefaultingToRealMethod.interceptSuperCallable(MockMethodInterceptor.java:145)
	at com.company.file.service.FileDownloaderService$MockitoMock$204688963.downloadWithRetry(Unknown Source)
	at com.company.file.service.FileDownloaderServiceTest.testDownloadWithRetry_CheckRetryMechanismWorks(FileDownloaderServiceTest.java:196)
	at java.base/jdk.internal.reflect.NativeMethodAccessorImpl.invoke0(Native Method)
	at java.base/jdk.internal.reflect.NativeMethodAccessorImpl.invoke(NativeMethodAccessorImpl.java:62)
	at java.base/jdk.internal.reflect.DelegatingMethodAccessorImpl.invoke(DelegatingMethodAccessorImpl.java:43)
	at java.base/java.lang.reflect.Method.invoke(Method.java:566)
	at org.junit.platform.commons.util.ReflectionUtils.invokeMethod(ReflectionUtils.java:725)
	at org.junit.jupiter.engine.execution.MethodInvocation.proceed(MethodInvocation.java:60)
	at org.junit.jupiter.engine.execution.InvocationInterceptorChain$ValidatingInvocation.proceed(InvocationInterceptorChain.java:131)
	at org.junit.jupiter.engine.extension.TimeoutExtension.intercept(TimeoutExtension.java:149)
	at org.junit.jupiter.engine.extension.TimeoutExtension.interceptTestableMethod(TimeoutExtension.java:140)
	at org.junit.jupiter.engine.extension.TimeoutExtension.interceptTestMethod(TimeoutExtension.java:84)
	at org.junit.jupiter.engine.execution.ExecutableInvoker$ReflectiveInterceptorCall.lambda$ofVoidMethod$0(ExecutableInvoker.java:115)
	at org.junit.jupiter.engine.execution.ExecutableInvoker.lambda$invoke$0(ExecutableInvoker.java:105)
	at org.junit.jupiter.engine.execution.InvocationInterceptorChain$InterceptedInvocation.proceed(InvocationInterceptorChain.java:106)
	at org.junit.jupiter.engine.execution.InvocationInterceptorChain.proceed(InvocationInterceptorChain.java:64)
	at org.junit.jupiter.engine.execution.InvocationInterceptorChain.chainAndInvoke(InvocationInterceptorChain.java:45)
	at org.junit.jupiter.engine.execution.InvocationInterceptorChain.invoke(InvocationInterceptorChain.java:37)
	at org.junit.jupiter.engine.execution.ExecutableInvoker.invoke(ExecutableInvoker.java:104)
	at org.junit.jupiter.engine.execution.ExecutableInvoker.invoke(ExecutableInvoker.java:98)
	at org.junit.jupiter.engine.descriptor.TestMethodTestDescriptor.lambda$invokeTestMethod$7(TestMethodTestDescriptor.java:214)
	at org.junit.platform.engine.support.hierarchical.ThrowableCollector.execute(ThrowableCollector.java:73)
	at org.junit.jupiter.engine.descriptor.TestMethodTestDescriptor.invokeTestMethod(TestMethodTestDescriptor.java:210)
	at org.junit.jupiter.engine.descriptor.TestMethodTestDescriptor.execute(TestMethodTestDescriptor.java:135)
	at org.junit.jupiter.engine.descriptor.TestMethodTestDescriptor.execute(TestMethodTestDescriptor.java:66)
	at org.junit.platform.engine.support.hierarchical.NodeTestTask.lambda$executeRecursively$6(NodeTestTask.java:151)
	at org.junit.platform.engine.support.hierarchical.ThrowableCollector.execute(ThrowableCollector.java:73)
	at org.junit.platform.engine.support.hierarchical.NodeTestTask.lambda$executeRecursively$8(NodeTestTask.java:141)
	at org.junit.platform.engine.support.hierarchical.Node.around(Node.java:137)
	at org.junit.platform.engine.support.hierarchical.NodeTestTask.lambda$executeRecursively$9(NodeTestTask.java:139)
	at org.junit.platform.engine.support.hierarchical.ThrowableCollector.execute(ThrowableCollector.java:73)
	at org.junit.platform.engine.support.hierarchical.NodeTestTask.executeRecursively(NodeTestTask.java:138)
	at org.junit.platform.engine.support.hierarchical.NodeTestTask.execute(NodeTestTask.java:95)
	at java.base/java.util.ArrayList.forEach(ArrayList.java:1541)
	at org.junit.platform.engine.support.hierarchical.SameThreadHierarchicalTestExecutorService.invokeAll(SameThreadHierarchicalTestExecutorService.java:41)
	at org.junit.platform.engine.support.hierarchical.NodeTestTask.lambda$executeRecursively$6(NodeTestTask.java:155)
	at org.junit.platform.engine.support.hierarchical.ThrowableCollector.execute(ThrowableCollector.java:73)
	at org.junit.platform.engine.support.hierarchical.NodeTestTask.lambda$executeRecursively$8(NodeTestTask.java:141)
	at org.junit.platform.engine.support.hierarchical.Node.around(Node.java:137)
	at org.junit.platform.engine.support.hierarchical.NodeTestTask.lambda$executeRecursively$9(NodeTestTask.java:139)
	at org.junit.platform.engine.support.hierarchical.ThrowableCollector.execute(ThrowableCollector.java:73)
	at org.junit.platform.engine.support.hierarchical.NodeTestTask.executeRecursively(NodeTestTask.java:138)
	at org.junit.platform.engine.support.hierarchical.NodeTestTask.execute(NodeTestTask.java:95)
	at java.base/java.util.ArrayList.forEach(ArrayList.java:1541)
	at org.junit.platform.engine.support.hierarchical.SameThreadHierarchicalTestExecutorService.invokeAll(SameThreadHierarchicalTestExecutorService.java:41)
	at org.junit.platform.engine.support.hierarchical.NodeTestTask.lambda$executeRecursively$6(NodeTestTask.java:155)
	at org.junit.platform.engine.support.hierarchical.ThrowableCollector.execute(ThrowableCollector.java:73)
	at org.junit.platform.engine.support.hierarchical.NodeTestTask.lambda$executeRecursively$8(NodeTestTask.java:141)
	at org.junit.platform.engine.support.hierarchical.Node.around(Node.java:137)
	at org.junit.platform.engine.support.hierarchical.NodeTestTask.lambda$executeRecursively$9(NodeTestTask.java:139)
	at org.junit.platform.engine.support.hierarchical.ThrowableCollector.execute(ThrowableCollector.java:73)
	at org.junit.platform.engine.support.hierarchical.NodeTestTask.executeRecursively(NodeTestTask.java:138)
	at org.junit.platform.engine.support.hierarchical.NodeTestTask.execute(NodeTestTask.java:95)
	at org.junit.platform.engine.support.hierarchical.SameThreadHierarchicalTestExecutorService.submit(SameThreadHierarchicalTestExecutorService.java:35)
	at org.junit.platform.engine.support.hierarchical.HierarchicalTestExecutor.execute(HierarchicalTestExecutor.java:57)
	at org.junit.platform.engine.support.hierarchical.HierarchicalTestEngine.execute(HierarchicalTestEngine.java:54)
	at org.junit.platform.launcher.core.EngineExecutionOrchestrator.execute(EngineExecutionOrchestrator.java:108)
	at org.junit.platform.launcher.core.EngineExecutionOrchestrator.execute(EngineExecutionOrchestrator.java:88)
	at org.junit.platform.launcher.core.EngineExecutionOrchestrator.lambda$execute$0(EngineExecutionOrchestrator.java:54)
	at org.junit.platform.launcher.core.EngineExecutionOrchestrator.withInterceptedStreams(EngineExecutionOrchestrator.java:67)
	at org.junit.platform.launcher.core.EngineExecutionOrchestrator.execute(EngineExecutionOrchestrator.java:52)
	at org.junit.platform.launcher.core.DefaultLauncher.execute(DefaultLauncher.java:96)
	at org.junit.platform.launcher.core.DefaultLauncher.execute(DefaultLauncher.java:75)
	at org.gradle.api.internal.tasks.testing.junitplatform.JUnitPlatformTestClassProcessor$CollectAllTestClassesExecutor.processAllTestClasses(JUnitPlatformTestClassProcessor.java:99)
	at org.gradle.api.internal.tasks.testing.junitplatform.JUnitPlatformTestClassProcessor$CollectAllTestClassesExecutor.access$000(JUnitPlatformTestClassProcessor.java:79)
	at org.gradle.api.internal.tasks.testing.junitplatform.JUnitPlatformTestClassProcessor.stop(JUnitPlatformTestClassProcessor.java:75)
	at org.gradle.api.internal.tasks.testing.SuiteTestClassProcessor.stop(SuiteTestClassProcessor.java:61)
	at java.base/jdk.internal.reflect.NativeMethodAccessorImpl.invoke0(Native Method)
	at java.base/jdk.internal.reflect.NativeMethodAccessorImpl.invoke(NativeMethodAccessorImpl.java:62)
	at java.base/jdk.internal.reflect.DelegatingMethodAccessorImpl.invoke(DelegatingMethodAccessorImpl.java:43)
	at java.base/java.lang.reflect.Method.invoke(Method.java:566)
	at org.gradle.internal.dispatch.ReflectionDispatch.dispatch(ReflectionDispatch.java:36)
	at org.gradle.internal.dispatch.ReflectionDispatch.dispatch(ReflectionDispatch.java:24)
	at org.gradle.internal.dispatch.ContextClassLoaderDispatch.dispatch(ContextClassLoaderDispatch.java:33)
	at org.gradle.internal.dispatch.ProxyDispatchAdapter$DispatchingInvocationHandler.invoke(ProxyDispatchAdapter.java:94)
	at com.sun.proxy.$Proxy2.stop(Unknown Source)
	at org.gradle.api.internal.tasks.testing.worker.TestWorker.stop(TestWorker.java:135)
	at java.base/jdk.internal.reflect.NativeMethodAccessorImpl.invoke0(Native Method)
	at java.base/jdk.internal.reflect.NativeMethodAccessorImpl.invoke(NativeMethodAccessorImpl.java:62)
	at java.base/jdk.internal.reflect.DelegatingMethodAccessorImpl.invoke(DelegatingMethodAccessorImpl.java:43)
	at java.base/java.lang.reflect.Method.invoke(Method.java:566)
	at org.gradle.internal.dispatch.ReflectionDispatch.dispatch(ReflectionDispatch.java:36)
	at org.gradle.internal.dispatch.ReflectionDispatch.dispatch(ReflectionDispatch.java:24)
	at org.gradle.internal.remote.internal.hub.MessageHubBackedObjectConnection$DispatchWrapper.dispatch(MessageHubBackedObjectConnection.java:182)
	at org.gradle.internal.remote.internal.hub.MessageHubBackedObjectConnection$DispatchWrapper.dispatch(MessageHubBackedObjectConnection.java:164)
	at org.gradle.internal.remote.internal.hub.MessageHub$Handler.run(MessageHub.java:414)
	at org.gradle.internal.concurrent.ExecutorPolicy$CatchAndRecordFailures.onExecute(ExecutorPolicy.java:64)
	at org.gradle.internal.concurrent.ManagedExecutorImpl$1.run(ManagedExecutorImpl.java:48)
	at java.base/java.util.concurrent.ThreadPoolExecutor.runWorker(ThreadPoolExecutor.java:1128)
	at java.base/java.util.concurrent.ThreadPoolExecutor$Worker.run(ThreadPoolExecutor.java:628)
	at org.gradle.internal.concurrent.ThreadFactoryImpl$ManagedThreadRunnable.run(ThreadFactoryImpl.java:56)
	at java.base/java.lang.Thread.run(Thread.java:829)
[Test worker] INFO com.company.file.service.FileDownloaderService - method downloadList start with identifier : 1714340329462downloadLocation, total uri : 5, uriStringSet : [sftp://demo:test.rebex.net/pu{}b/example/sample.pdf/invalid, https://programming/ 24hrs. txt?param=1???, htt://speedtest.tele2.net/1MB.zip, sft://demo:@test.rebex.net/pub/example/Example.csv, ftp.gnu.org/README], numberOfRetry : 1, downloadPath : downloads
[Test worker] INFO com.company.file.service.FileDownloaderService - method downloadList check validation result with identifier : 1714340329462downloadLocation, total validUri : 0, uriPreValidationResult : URIPreValidationResult(uriValidSet=[], invalidSyntaxURISet=[https://programming/ 24hrs. txt?param=1???, sftp://demo:test.rebex.net/pu{}b/example/sample.pdf/invalid], invalidProtocolURISet=[ftp.gnu.org/README, sft://demo:@test.rebex.net/pub/example/Example.csv, htt://speedtest.tele2.net/1MB.zip])
]]></system-err>
</testsuite>
